c:\users\user\documents\ais.io\ais.io\debug\ais.io.pch
c:\users\user\documents\ais.io\ais.io\debug\vc143.pdb
c:\users\user\documents\ais.io\ais.io\debug\vc143.idb
c:\users\user\documents\ais.io\ais.io\debug\pch.obj
c:\users\user\documents\ais.io\ais.io\debug\dllmain.obj
c:\users\user\documents\ais.io\ais.io\debug\binarywriterio.obj
c:\users\user\documents\ais.io\ais.io\debug\binaryreaderio.obj
c:\users\user\documents\ais.io\ais.io\debug\binaryio.obj
c:\users\user\documents\ais.io\bin\x64\debug\ais.io.dll
c:\users\user\documents\ais.io\bin\x64\debug\ais.io.pdb
c:\users\user\documents\ais.io\ais.io\debug\ais.io.res
c:\users\user\documents\ais.io\bin\x64\debug\ais.io.lib
c:\users\user\documents\ais.io\bin\x64\debug\ais.io.exp
c:\users\user\documents\ais.io\ais.io\debug\ais.io.ilk
c:\users\user\documents\ais.io\ais.io\debug\ais.io.tlog\cl.command.1.tlog
c:\users\user\documents\ais.io\ais.io\debug\ais.io.tlog\cl.items.tlog
c:\users\user\documents\ais.io\ais.io\debug\ais.io.tlog\cl.read.1.tlog
c:\users\user\documents\ais.io\ais.io\debug\ais.io.tlog\cl.write.1.tlog
c:\users\user\documents\ais.io\ais.io\debug\ais.io.tlog\link.command.1.tlog
c:\users\user\documents\ais.io\ais.io\debug\ais.io.tlog\link.read.1.tlog
c:\users\user\documents\ais.io\ais.io\debug\ais.io.tlog\link.secondary.1.tlog
c:\users\user\documents\ais.io\ais.io\debug\ais.io.tlog\link.write.1.tlog
c:\users\user\documents\ais.io\ais.io\debug\ais.io.tlog\rc.command.1.tlog
c:\users\user\documents\ais.io\ais.io\debug\ais.io.tlog\rc.read.1.tlog
c:\users\user\documents\ais.io\ais.io\debug\ais.io.tlog\rc.write.1.tlog
