  pch.cpp
  BinaryIO.cpp
C:\Users\User\Documents\Ais.IO\Ais.IO\BinaryIO.cpp(48,10): warning C4273: 'NextLength': 不一致的 DLL 連結
  (編譯來源檔案 '/BinaryIO.cpp')
      C:\Users\User\Documents\Ais.IO\Ais.IO\BinaryIO.h(18,24):
      參閱 'NextLength' 之前的定義
  
  BinaryReaderIO.cpp
C:\Users\User\Documents\Ais.IO\Ais.IO\BinaryReaderIO.cpp(135,7): warning C4273: 'CreateBinaryReader': 不一致的 DLL 連結
  (編譯來源檔案 '/BinaryReaderIO.cpp')
      C:\Users\User\Documents\Ais.IO\Ais.IO\BinaryReaderIO.h(18,21):
      參閱 'CreateBinaryReader' 之前的定義
  
C:\Users\User\Documents\Ais.IO\Ais.IO\BinaryReaderIO.cpp(144,6): warning C4273: 'DestroyBinaryReader': 不一致的 DLL 連結
  (編譯來源檔案 '/BinaryReaderIO.cpp')
      C:\Users\User\Documents\Ais.IO\Ais.IO\BinaryReaderIO.h(19,20):
      參閱 'DestroyBinaryReader' 之前的定義
  
C:\Users\User\Documents\Ais.IO\Ais.IO\BinaryReaderIO.cpp(148,10): warning C4273: 'GetReaderPosition': 不一致的 DLL 連結
  (編譯來源檔案 '/BinaryReaderIO.cpp')
      C:\Users\User\Documents\Ais.IO\Ais.IO\BinaryReaderIO.h(20,24):
      參閱 'GetReaderPosition' 之前的定義
  
C:\Users\User\Documents\Ais.IO\Ais.IO\BinaryReaderIO.cpp(152,10): warning C4273: 'GetReaderLength': 不一致的 DLL 連結
  (編譯來源檔案 '/BinaryReaderIO.cpp')
      C:\Users\User\Documents\Ais.IO\Ais.IO\BinaryReaderIO.h(21,24):
      參閱 'GetReaderLength' 之前的定義
  
C:\Users\User\Documents\Ais.IO\Ais.IO\BinaryReaderIO.cpp(156,6): warning C4273: 'ReadBoolean': 不一致的 DLL 連結
  (編譯來源檔案 '/BinaryReaderIO.cpp')
      C:\Users\User\Documents\Ais.IO\Ais.IO\BinaryReaderIO.h(23,20):
      參閱 'ReadBoolean' 之前的定義
  
C:\Users\User\Documents\Ais.IO\Ais.IO\BinaryReaderIO.cpp(160,15): warning C4273: 'ReadByte': 不一致的 DLL 連結
  (編譯來源檔案 '/BinaryReaderIO.cpp')
      C:\Users\User\Documents\Ais.IO\Ais.IO\BinaryReaderIO.h(24,29):
      參閱 'ReadByte' 之前的定義
  
C:\Users\User\Documents\Ais.IO\Ais.IO\BinaryReaderIO.cpp(164,13): warning C4273: 'ReadSByte': 不一致的 DLL 連結
  (編譯來源檔案 '/BinaryReaderIO.cpp')
      C:\Users\User\Documents\Ais.IO\Ais.IO\BinaryReaderIO.h(25,27):
      參閱 'ReadSByte' 之前的定義
  
C:\Users\User\Documents\Ais.IO\Ais.IO\BinaryReaderIO.cpp(168,7): warning C4273: 'ReadShort': 不一致的 DLL 連結
  (編譯來源檔案 '/BinaryReaderIO.cpp')
      C:\Users\User\Documents\Ais.IO\Ais.IO\BinaryReaderIO.h(26,21):
      參閱 'ReadShort' 之前的定義
  
C:\Users\User\Documents\Ais.IO\Ais.IO\BinaryReaderIO.cpp(172,16): warning C4273: 'ReadUShort': 不一致的 DLL 連結
  (編譯來源檔案 '/BinaryReaderIO.cpp')
      C:\Users\User\Documents\Ais.IO\Ais.IO\BinaryReaderIO.h(27,30):
      參閱 'ReadUShort' 之前的定義
  
C:\Users\User\Documents\Ais.IO\Ais.IO\BinaryReaderIO.cpp(176,5): warning C4273: 'ReadInt': 不一致的 DLL 連結
  (編譯來源檔案 '/BinaryReaderIO.cpp')
      C:\Users\User\Documents\Ais.IO\Ais.IO\BinaryReaderIO.h(28,19):
      參閱 'ReadInt' 之前的定義
  
C:\Users\User\Documents\Ais.IO\Ais.IO\BinaryReaderIO.cpp(180,14): warning C4273: 'ReadUInt': 不一致的 DLL 連結
  (編譯來源檔案 '/BinaryReaderIO.cpp')
      C:\Users\User\Documents\Ais.IO\Ais.IO\BinaryReaderIO.h(29,28):
      參閱 'ReadUInt' 之前的定義
  
C:\Users\User\Documents\Ais.IO\Ais.IO\BinaryReaderIO.cpp(184,11): warning C4273: 'ReadLong': 不一致的 DLL 連結
  (編譯來源檔案 '/BinaryReaderIO.cpp')
      C:\Users\User\Documents\Ais.IO\Ais.IO\BinaryReaderIO.h(30,25):
      參閱 'ReadLong' 之前的定義
  
C:\Users\User\Documents\Ais.IO\Ais.IO\BinaryReaderIO.cpp(188,20): warning C4273: 'ReadULong': 不一致的 DLL 連結
  (編譯來源檔案 '/BinaryReaderIO.cpp')
      C:\Users\User\Documents\Ais.IO\Ais.IO\BinaryReaderIO.h(31,34):
      參閱 'ReadULong' 之前的定義
  
C:\Users\User\Documents\Ais.IO\Ais.IO\BinaryReaderIO.cpp(192,7): warning C4273: 'ReadFloat': 不一致的 DLL 連結
  (編譯來源檔案 '/BinaryReaderIO.cpp')
      C:\Users\User\Documents\Ais.IO\Ais.IO\BinaryReaderIO.h(32,21):
      參閱 'ReadFloat' 之前的定義
  
C:\Users\User\Documents\Ais.IO\Ais.IO\BinaryReaderIO.cpp(196,8): warning C4273: 'ReadDouble': 不一致的 DLL 連結
  (編譯來源檔案 '/BinaryReaderIO.cpp')
      C:\Users\User\Documents\Ais.IO\Ais.IO\BinaryReaderIO.h(33,22):
      參閱 'ReadDouble' 之前的定義
  
C:\Users\User\Documents\Ais.IO\Ais.IO\BinaryReaderIO.cpp(200,6): warning C4273: 'ReadBytes': 不一致的 DLL 連結
  (編譯來源檔案 '/BinaryReaderIO.cpp')
      C:\Users\User\Documents\Ais.IO\Ais.IO\BinaryReaderIO.h(34,20):
      參閱 'ReadBytes' 之前的定義
  
C:\Users\User\Documents\Ais.IO\Ais.IO\BinaryReaderIO.cpp(202,9): warning C4297: 'ReadBytes': 函式預設並不會擲回例外狀況，但卻擲回例外狀況
  (編譯來源檔案 '/BinaryReaderIO.cpp')
      C:\Users\User\Documents\Ais.IO\Ais.IO\BinaryReaderIO.cpp(202,9):
      已在函式指定 __declspec(nothrow)、throw()、noexcept(true) 或 noexcept
  
C:\Users\User\Documents\Ais.IO\Ais.IO\BinaryReaderIO.cpp(206,6): warning C4273: 'ReadString': 不一致的 DLL 連結
  (編譯來源檔案 '/BinaryReaderIO.cpp')
      C:\Users\User\Documents\Ais.IO\Ais.IO\BinaryReaderIO.h(35,20):
      參閱 'ReadString' 之前的定義
  
C:\Users\User\Documents\Ais.IO\Ais.IO\BinaryReaderIO.cpp(208,9): warning C4297: 'ReadString': 函式預設並不會擲回例外狀況，但卻擲回例外狀況
  (編譯來源檔案 '/BinaryReaderIO.cpp')
      C:\Users\User\Documents\Ais.IO\Ais.IO\BinaryReaderIO.cpp(208,9):
      已在函式指定 __declspec(nothrow)、throw()、noexcept(true) 或 noexcept
  
  BinaryWriterIO.cpp
C:\Users\User\Documents\Ais.IO\Ais.IO\BinaryWriterIO.cpp(104,7): warning C4273: 'CreateBinaryWriter': 不一致的 DLL 連結
  (編譯來源檔案 '/BinaryWriterIO.cpp')
      C:\Users\User\Documents\Ais.IO\Ais.IO\BinaryWriterIO.h(18,21):
      參閱 'CreateBinaryWriter' 之前的定義
  
C:\Users\User\Documents\Ais.IO\Ais.IO\BinaryWriterIO.cpp(113,6): warning C4273: 'DestroyBinaryWriter': 不一致的 DLL 連結
  (編譯來源檔案 '/BinaryWriterIO.cpp')
      C:\Users\User\Documents\Ais.IO\Ais.IO\BinaryWriterIO.h(19,20):
      參閱 'DestroyBinaryWriter' 之前的定義
  
C:\Users\User\Documents\Ais.IO\Ais.IO\BinaryWriterIO.cpp(117,10): warning C4273: 'GetWriterPosition': 不一致的 DLL 連結
  (編譯來源檔案 '/BinaryWriterIO.cpp')
      C:\Users\User\Documents\Ais.IO\Ais.IO\BinaryWriterIO.h(20,24):
      參閱 'GetWriterPosition' 之前的定義
  
C:\Users\User\Documents\Ais.IO\Ais.IO\BinaryWriterIO.cpp(121,10): warning C4273: 'GetWriterLength': 不一致的 DLL 連結
  (編譯來源檔案 '/BinaryWriterIO.cpp')
      C:\Users\User\Documents\Ais.IO\Ais.IO\BinaryWriterIO.h(21,24):
      參閱 'GetWriterLength' 之前的定義
  
C:\Users\User\Documents\Ais.IO\Ais.IO\BinaryWriterIO.cpp(125,6): warning C4273: 'WriteBoolean': 不一致的 DLL 連結
  (編譯來源檔案 '/BinaryWriterIO.cpp')
      C:\Users\User\Documents\Ais.IO\Ais.IO\BinaryWriterIO.h(23,20):
      參閱 'WriteBoolean' 之前的定義
  
C:\Users\User\Documents\Ais.IO\Ais.IO\BinaryWriterIO.cpp(129,6): warning C4273: 'WriteByte': 不一致的 DLL 連結
  (編譯來源檔案 '/BinaryWriterIO.cpp')
      C:\Users\User\Documents\Ais.IO\Ais.IO\BinaryWriterIO.h(24,20):
      參閱 'WriteByte' 之前的定義
  
C:\Users\User\Documents\Ais.IO\Ais.IO\BinaryWriterIO.cpp(133,6): warning C4273: 'WriteSByte': 不一致的 DLL 連結
  (編譯來源檔案 '/BinaryWriterIO.cpp')
      C:\Users\User\Documents\Ais.IO\Ais.IO\BinaryWriterIO.h(25,20):
      參閱 'WriteSByte' 之前的定義
  
C:\Users\User\Documents\Ais.IO\Ais.IO\BinaryWriterIO.cpp(137,6): warning C4273: 'WriteShort': 不一致的 DLL 連結
  (編譯來源檔案 '/BinaryWriterIO.cpp')
      C:\Users\User\Documents\Ais.IO\Ais.IO\BinaryWriterIO.h(26,20):
      參閱 'WriteShort' 之前的定義
  
C:\Users\User\Documents\Ais.IO\Ais.IO\BinaryWriterIO.cpp(141,6): warning C4273: 'WriteUShort': 不一致的 DLL 連結
  (編譯來源檔案 '/BinaryWriterIO.cpp')
      C:\Users\User\Documents\Ais.IO\Ais.IO\BinaryWriterIO.h(27,20):
      參閱 'WriteUShort' 之前的定義
  
C:\Users\User\Documents\Ais.IO\Ais.IO\BinaryWriterIO.cpp(145,6): warning C4273: 'WriteInt': 不一致的 DLL 連結
  (編譯來源檔案 '/BinaryWriterIO.cpp')
      C:\Users\User\Documents\Ais.IO\Ais.IO\BinaryWriterIO.h(28,20):
      參閱 'WriteInt' 之前的定義
  
C:\Users\User\Documents\Ais.IO\Ais.IO\BinaryWriterIO.cpp(149,6): warning C4273: 'WriteUInt': 不一致的 DLL 連結
  (編譯來源檔案 '/BinaryWriterIO.cpp')
      C:\Users\User\Documents\Ais.IO\Ais.IO\BinaryWriterIO.h(29,20):
      參閱 'WriteUInt' 之前的定義
  
C:\Users\User\Documents\Ais.IO\Ais.IO\BinaryWriterIO.cpp(153,6): warning C4273: 'WriteLong': 不一致的 DLL 連結
  (編譯來源檔案 '/BinaryWriterIO.cpp')
      C:\Users\User\Documents\Ais.IO\Ais.IO\BinaryWriterIO.h(30,20):
      參閱 'WriteLong' 之前的定義
  
C:\Users\User\Documents\Ais.IO\Ais.IO\BinaryWriterIO.cpp(157,6): warning C4273: 'WriteULong': 不一致的 DLL 連結
  (編譯來源檔案 '/BinaryWriterIO.cpp')
      C:\Users\User\Documents\Ais.IO\Ais.IO\BinaryWriterIO.h(31,20):
      參閱 'WriteULong' 之前的定義
  
C:\Users\User\Documents\Ais.IO\Ais.IO\BinaryWriterIO.cpp(161,6): warning C4273: 'WriteFloat': 不一致的 DLL 連結
  (編譯來源檔案 '/BinaryWriterIO.cpp')
      C:\Users\User\Documents\Ais.IO\Ais.IO\BinaryWriterIO.h(32,20):
      參閱 'WriteFloat' 之前的定義
  
C:\Users\User\Documents\Ais.IO\Ais.IO\BinaryWriterIO.cpp(165,6): warning C4273: 'WriteDouble': 不一致的 DLL 連結
  (編譯來源檔案 '/BinaryWriterIO.cpp')
      C:\Users\User\Documents\Ais.IO\Ais.IO\BinaryWriterIO.h(33,20):
      參閱 'WriteDouble' 之前的定義
  
C:\Users\User\Documents\Ais.IO\Ais.IO\BinaryWriterIO.cpp(169,6): warning C4273: 'WriteBytes': 不一致的 DLL 連結
  (編譯來源檔案 '/BinaryWriterIO.cpp')
      C:\Users\User\Documents\Ais.IO\Ais.IO\BinaryWriterIO.h(34,20):
      參閱 'WriteBytes' 之前的定義
  
C:\Users\User\Documents\Ais.IO\Ais.IO\BinaryWriterIO.cpp(173,6): warning C4273: 'WriteString': 不一致的 DLL 連結
  (編譯來源檔案 '/BinaryWriterIO.cpp')
      C:\Users\User\Documents\Ais.IO\Ais.IO\BinaryWriterIO.h(35,20):
      參閱 'WriteString' 之前的定義
  
  dllmain.cpp
  正在產生程式碼...
     正在建立程式庫 C:\Users\User\Documents\Ais.IO\bin\x64\Debug\Ais.IO.lib 和物件 C:\Users\User\Documents\Ais.IO\bin\x64\Debug\Ais.IO.exp
  Ais.IO.vcxproj -> C:\Users\User\Documents\Ais.IO\bin\x64\Debug\Ais.IO.dll
